# JRE version: OpenJDK Runtime Environment (11.0.10) (build 11.0.10+0-b96-7249189)
# Java VM: OpenJDK 64-Bit Server VM (11.0.10+0-b96-7249189, mixed mode, tiered, compressed oops, g1 gc, linux-amd64)
Heap:
 garbage-first heap   total 1189888K, used 271872K [0x0000000080000000, 0x0000000100000000)
  region size 1024K, 3 young (3072K), 3 survivors (3072K)
 Metaspace       used 118544K, capacity 121468K, committed 121596K, reserved 1155072K
  class space    used 14747K, capacity 15902K, committed 16000K, reserved 1048576K
GC Heap History (20 events):
Event: 218.549 GC heap after
{Heap after GC invocations=94 (full 0):
 garbage-first heap   total 454656K, used 160363K [0x0000000080000000, 0x0000000100000000)
  region size 1024K, 14 young (14336K), 14 survivors (14336K)
 Metaspace       used 116426K, capacity 119130K, committed 119420K, reserved 1153024K
  class space    used 14495K, capacity 15561K, committed 15616K, reserved 1048576K
}
Event: 219.499 GC heap before
{Heap before GC invocations=94 (full 0):
 garbage-first heap   total 454656K, used 384619K [0x0000000080000000, 0x0000000100000000)
  region size 1024K, 233 young (238592K), 14 survivors (14336K)
 Metaspace       used 116455K, capacity 119146K, committed 119420K, reserved 1153024K
  class space    used 14499K, capacity 15566K, committed 15616K, reserved 1048576K
}
Event: 219.548 GC heap after
{Heap after GC invocations=95 (full 0):
 garbage-first heap   total 454656K, used 161387K [0x0000000080000000, 0x0000000100000000)
  region size 1024K, 15 young (15360K), 15 survivors (15360K)
 Metaspace       used 116455K, capacity 119146K, committed 119420K, reserved 1153024K
  class space    used 14499K, capacity 15566K, committed 15616K, reserved 1048576K
}
Event: 220.668 GC heap before
{Heap before GC invocations=95 (full 0):
 garbage-first heap   total 454656K, used 387691K [0x0000000080000000, 0x0000000100000000)
  region size 1024K, 236 young (241664K), 15 survivors (15360K)
 Metaspace       used 116463K, capacity 119147K, committed 119420K, reserved 1153024K
  class space    used 14499K, capacity 15566K, committed 15616K, reserved 1048576K
}
Event: 220.752 GC heap after
{Heap after GC invocations=96 (full 0):
 garbage-first heap   total 454656K, used 162411K [0x0000000080000000, 0x0000000100000000)
  region size 1024K, 16 young (16384K), 16 survivors (16384K)
 Metaspace       used 116463K, capacity 119147K, committed 119420K, reserved 1153024K
  class space    used 14499K, capacity 15566K, committed 15616K, reserved 1048576K
}
Event: 222.103 GC heap before
{Heap before GC invocations=96 (full 0):
 garbage-first heap   total 454656K, used 388715K [0x0000000080000000, 0x0000000100000000)
  region size 1024K, 237 young (242688K), 16 survivors (16384K)
 Metaspace       used 116528K, capacity 119211K, committed 119420K, reserved 1153024K
  class space    used 14504K, capacity 15566K, committed 15616K, reserved 1048576K
}
Event: 222.171 GC heap after
{Heap after GC invocations=97 (full 0):
 garbage-first heap   total 454656K, used 169185K [0x0000000080000000, 0x0000000100000000)
  region size 1024K, 22 young (22528K), 22 survivors (22528K)
 Metaspace       used 116528K, capacity 119211K, committed 119420K, reserved 1153024K
  class space    used 14504K, capacity 15566K, committed 15616K, reserved 1048576K
}
Event: 224.075 GC heap before
{Heap before GC invocations=97 (full 0):
 garbage-first heap   total 454656K, used 385249K [0x0000000080000000, 0x0000000100000000)
  region size 1024K, 233 young (238592K), 22 survivors (22528K)
 Metaspace       used 116684K, capacity 119400K, committed 119420K, reserved 1153024K
  class space    used 14533K, capacity 15607K, committed 15616K, reserved 1048576K
}
Event: 224.175 GC heap after
{Heap after GC invocations=98 (full 0):
 garbage-first heap   total 521216K, used 171008K [0x0000000080000000, 0x0000000100000000)
  region size 1024K, 16 young (16384K), 16 survivors (16384K)
 Metaspace       used 116684K, capacity 119400K, committed 119420K, reserved 1153024K
  class space    used 14533K, capacity 15607K, committed 15616K, reserved 1048576K
}
Event: 251.678 GC heap before
{Heap before GC invocations=98 (full 0):
 garbage-first heap   total 521216K, used 416768K [0x0000000080000000, 0x0000000100000000)
  region size 1024K, 257 young (263168K), 16 survivors (16384K)
 Metaspace       used 116738K, capacity 119473K, committed 119676K, reserved 1153024K
  class space    used 14538K, capacity 15610K, committed 15616K, reserved 1048576K
}
Event: 251.891 GC heap after
{Heap after GC invocations=99 (full 0):
 garbage-first heap   total 521216K, used 172544K [0x0000000080000000, 0x0000000100000000)
  region size 1024K, 18 young (18432K), 18 survivors (18432K)
 Metaspace       used 116738K, capacity 119473K, committed 119676K, reserved 1153024K
  class space    used 14538K, capacity 15610K, committed 15616K, reserved 1048576K
}
Event: 252.722 GC heap before
{Heap before GC invocations=99 (full 0):
 garbage-first heap   total 521216K, used 428544K [0x0000000080000000, 0x0000000100000000)
  region size 1024K, 268 young (274432K), 18 survivors (18432K)
 Metaspace       used 116751K, capacity 119473K, committed 119676K, reserved 1153024K
  class space    used 14538K, capacity 15610K, committed 15616K, reserved 1048576K
}
Event: 252.778 GC heap after
{Heap after GC invocations=100 (full 0):
 garbage-first heap   total 521216K, used 175059K [0x0000000080000000, 0x0000000100000000)
  region size 1024K, 17 young (17408K), 17 survivors (17408K)
 Metaspace       used 116751K, capacity 119473K, committed 119676K, reserved 1153024K
  class space    used 14538K, capacity 15610K, committed 15616K, reserved 1048576K
}
Event: 285.438 GC heap before
{Heap before GC invocations=100 (full 0):
 garbage-first heap   total 521216K, used 458707K [0x0000000080000000, 0x0000000100000000)
  region size 1024K, 287 young (293888K), 17 survivors (17408K)
 Metaspace       used 117063K, capacity 119854K, committed 120060K, reserved 1153024K
  class space    used 14592K, capacity 15693K, committed 15744K, reserved 1048576K
}
Event: 286.027 GC heap after
{Heap after GC invocations=101 (full 0):
 garbage-first heap   total 521216K, used 175059K [0x0000000080000000, 0x0000000100000000)
  region size 1024K, 17 young (17408K), 17 survivors (17408K)
 Metaspace       used 117063K, capacity 119854K, committed 120060K, reserved 1153024K
  class space    used 14592K, capacity 15693K, committed 15744K, reserved 1048576K
}
Event: 470.052 GC heap before
{Heap before GC invocations=101 (full 0):
 garbage-first heap   total 521216K, used 485331K [0x0000000080000000, 0x0000000100000000)
  region size 1024K, 286 young (292864K), 17 survivors (17408K)
 Metaspace       used 118530K, capacity 121404K, committed 121596K, reserved 1155072K
  class space    used 14746K, capacity 15902K, committed 16000K, reserved 1048576K
}
Event: 522.161 GC heap after
{Heap after GC invocations=102 (full 0):
 garbage-first heap   total 583680K, used 268251K [0x0000000080000000, 0x0000000100000000)
  region size 1024K, 36 young (36864K), 36 survivors (36864K)
 Metaspace       used 118530K, capacity 121404K, committed 121596K, reserved 1155072K
  class space    used 14746K, capacity 15902K, committed 16000K, reserved 1048576K
}
Event: 533.005 GC heap before
{Heap before GC invocations=102 (full 0):
 garbage-first heap   total 583680K, used 269275K [0x0000000080000000, 0x0000000100000000)
  region size 1024K, 37 young (37888K), 36 survivors (36864K)
 Metaspace       used 118540K, capacity 121468K, committed 121596K, reserved 1155072K
  class space    used 14746K, capacity 15902K, committed 16000K, reserved 1048576K
}
Event: 590.042 GC heap after
{Heap after GC invocations=103 (full 0):
 garbage-first heap   total 583680K, used 269824K [0x0000000080000000, 0x0000000100000000)
  region size 1024K, 1 young (1024K), 1 survivors (1024K)
 Metaspace       used 118540K, capacity 121468K, committed 121596K, reserved 1155072K
  class space    used 14746K, capacity 15902K, committed 16000K, reserved 1048576K
}
Event: 1157.205 GC heap before
{Heap before GC invocations=103 (full 0):
 garbage-first heap   total 583680K, used 296448K [0x0000000080000000, 0x0000000100000000)
  region size 1024K, 28 young (28672K), 1 survivors (1024K)
 Metaspace       used 118544K, capacity 121468K, committed 121596K, reserved 1155072K
  class space    used 14747K, capacity 15902K, committed 16000K, reserved 1048576K
}

